13:06:32.427 [main] INFO  testCases.TC_001_AccountRegistrationTest - **** starting TC_001_AccountRegistrationTest  *****
13:06:32.432 [main] DEBUG testCases.TC_001_AccountRegistrationTest - application logs started......
13:06:32.711 [main] INFO  testCases.TC_001_AccountRegistrationTest - Clicked on MyAccount link
13:06:33.204 [main] INFO  testCases.TC_001_AccountRegistrationTest - Clicked on registration link
13:06:33.204 [main] INFO  testCases.TC_001_AccountRegistrationTest - Entering customer details.. 
13:07:05.780 [main] ERROR testCases.TC_001_AccountRegistrationTest - test failed..
13:07:05.985 [main] DEBUG testCases.TC_001_AccountRegistrationTest - debug logs....
13:09:50.465 [main] INFO  testCases.TC_001_AccountRegistrationTest - **** starting TC_001_AccountRegistrationTest  *****
13:09:50.471 [main] DEBUG testCases.TC_001_AccountRegistrationTest - application logs started......
13:09:50.731 [main] INFO  testCases.TC_001_AccountRegistrationTest - Clicked on MyAccount link
13:09:51.179 [main] INFO  testCases.TC_001_AccountRegistrationTest - Clicked on registration link
13:09:51.180 [main] INFO  testCases.TC_001_AccountRegistrationTest - Entering customer details.. 
13:10:02.864 [main] ERROR testCases.TC_001_AccountRegistrationTest - test failed..
13:10:02.864 [main] DEBUG testCases.TC_001_AccountRegistrationTest - debug logs....
13:14:18.081 [main] INFO  testCases.TC_001_AccountRegistrationTest - **** starting TC_001_AccountRegistrationTest  *****
13:14:18.089 [main] DEBUG testCases.TC_001_AccountRegistrationTest - application logs started......
13:14:18.342 [main] INFO  testCases.TC_001_AccountRegistrationTest - Clicked on MyAccount link
13:14:18.934 [main] INFO  testCases.TC_001_AccountRegistrationTest - Clicked on registration link
13:14:18.935 [main] INFO  testCases.TC_001_AccountRegistrationTest - Entering customer details.. 
13:14:46.404 [main] ERROR testCases.TC_001_AccountRegistrationTest - test failed..
13:14:46.405 [main] DEBUG testCases.TC_001_AccountRegistrationTest - debug logs....
15:49:39.245 [main] INFO  testCases.TC_001_AccountRegistrationTest - **** starting TC_001_AccountRegistrationTest  *****
15:49:39.253 [main] DEBUG testCases.TC_001_AccountRegistrationTest - application logs started......
15:49:39.540 [main] INFO  testCases.TC_001_AccountRegistrationTest - Clicked on MyAccount link
15:49:40.060 [main] INFO  testCases.TC_001_AccountRegistrationTest - Clicked on registration link
15:49:40.060 [main] INFO  testCases.TC_001_AccountRegistrationTest - Entering customer details.. 
15:49:59.337 [main] ERROR testCases.TC_001_AccountRegistrationTest - test failed..
15:49:59.338 [main] DEBUG testCases.TC_001_AccountRegistrationTest - debug logs....
15:54:22.224 [TestNG-tests-1] INFO  testCases.TC_001_AccountRegistrationTest - **** starting TC_001_AccountRegistrationTest  *****
15:54:22.246 [TestNG-tests-1] DEBUG testCases.TC_001_AccountRegistrationTest - application logs started......
15:54:22.614 [TestNG-tests-1] INFO  testCases.TC_001_AccountRegistrationTest - Clicked on MyAccount link
15:54:23.331 [TestNG-tests-1] INFO  testCases.TC_001_AccountRegistrationTest - Clicked on registration link
15:54:23.332 [TestNG-tests-1] INFO  testCases.TC_001_AccountRegistrationTest - Entering customer details.. 
15:54:23.824 [TestNG-tests-2] INFO  testCases.TC_001_AccountRegistrationTest - **** starting TC_001_AccountRegistrationTest  *****
15:54:23.828 [TestNG-tests-2] DEBUG testCases.TC_001_AccountRegistrationTest - application logs started......
15:54:37.430 [TestNG-tests-2] INFO  testCases.TC_001_AccountRegistrationTest - Clicked on MyAccount link
15:54:43.759 [TestNG-tests-1] ERROR testCases.TC_001_AccountRegistrationTest - test failed..
15:54:43.759 [TestNG-tests-1] DEBUG testCases.TC_001_AccountRegistrationTest - debug logs....
15:55:01.535 [TestNG-tests-2] INFO  testCases.TC_001_AccountRegistrationTest - Clicked on registration link
15:55:01.536 [TestNG-tests-2] INFO  testCases.TC_001_AccountRegistrationTest - Entering customer details.. 
15:55:03.371 [TestNG-tests-2] ERROR testCases.TC_001_AccountRegistrationTest - test failed..
15:55:03.372 [TestNG-tests-2] DEBUG testCases.TC_001_AccountRegistrationTest - debug logs....
16:02:16.196 [main] INFO  testCases.TC_001_AccountRegistrationTest - **** starting TC_001_AccountRegistrationTest  *****
16:02:16.206 [main] DEBUG testCases.TC_001_AccountRegistrationTest - application logs started......
16:02:16.469 [main] INFO  testCases.TC_001_AccountRegistrationTest - Clicked on MyAccount link
16:02:16.960 [main] INFO  testCases.TC_001_AccountRegistrationTest - Clicked on registration link
16:02:16.960 [main] INFO  testCases.TC_001_AccountRegistrationTest - Entering customer details.. 
16:02:46.550 [main] ERROR testCases.TC_001_AccountRegistrationTest - test failed..
16:02:46.551 [main] DEBUG testCases.TC_001_AccountRegistrationTest - debug logs....
07:46:53.224 [main] INFO  testCases.TC_001_AccountRegistrationTest - **** starting TC_001_AccountRegistrationTest  *****
